  Source.cpp
C:\Users\lotsp\OneDrive\Documents\GitHub\Data-Structures-GP-Sem2\Data Structures Group Project\Data Structures Group Project\Player.h(13,16): warning C4244: '=': conversion from 'double' to 'int', possible loss of data
C:\Users\lotsp\OneDrive\Documents\GitHub\Data-Structures-GP-Sem2\Data Structures Group Project\Data Structures Group Project\PNode.h(5,12): error C2011: 'Node': 'class' type redefinition
C:\Users\lotsp\OneDrive\Documents\GitHub\Data-Structures-GP-Sem2\Data Structures Group Project\Data Structures Group Project\LNode.h(3): message : see declaration of 'Node'
C:\Users\lotsp\OneDrive\Documents\GitHub\Data-Structures-GP-Sem2\Data Structures Group Project\Data Structures Group Project\PLinkedList.h(14,1): error C2027: use of undefined type 'Node'
C:\Users\lotsp\OneDrive\Documents\GitHub\Data-Structures-GP-Sem2\Data Structures Group Project\Data Structures Group Project\LNode.h(3): message : see declaration of 'Node'
C:\Users\lotsp\OneDrive\Documents\GitHub\Data-Structures-GP-Sem2\Data Structures Group Project\Data Structures Group Project\PLinkedList.h(18,1): error C2027: use of undefined type 'Node'
C:\Users\lotsp\OneDrive\Documents\GitHub\Data-Structures-GP-Sem2\Data Structures Group Project\Data Structures Group Project\LNode.h(3): message : see declaration of 'Node'
C:\Users\lotsp\OneDrive\Documents\GitHub\Data-Structures-GP-Sem2\Data Structures Group Project\Data Structures Group Project\PLinkedList.h(19,1): error C2027: use of undefined type 'Node'
C:\Users\lotsp\OneDrive\Documents\GitHub\Data-Structures-GP-Sem2\Data Structures Group Project\Data Structures Group Project\LNode.h(3): message : see declaration of 'Node'
C:\Users\lotsp\OneDrive\Documents\GitHub\Data-Structures-GP-Sem2\Data Structures Group Project\Data Structures Group Project\PLinkedList.h(21,1): error C2027: use of undefined type 'Node'
C:\Users\lotsp\OneDrive\Documents\GitHub\Data-Structures-GP-Sem2\Data Structures Group Project\Data Structures Group Project\LNode.h(3): message : see declaration of 'Node'
C:\Users\lotsp\OneDrive\Documents\GitHub\Data-Structures-GP-Sem2\Data Structures Group Project\Data Structures Group Project\PLinkedList.h(24,1): error C2027: use of undefined type 'Node'
C:\Users\lotsp\OneDrive\Documents\GitHub\Data-Structures-GP-Sem2\Data Structures Group Project\Data Structures Group Project\LNode.h(3): message : see declaration of 'Node'
C:\Users\lotsp\OneDrive\Documents\GitHub\Data-Structures-GP-Sem2\Data Structures Group Project\Data Structures Group Project\PLinkedList.h(27,1): error C2027: use of undefined type 'Node'
C:\Users\lotsp\OneDrive\Documents\GitHub\Data-Structures-GP-Sem2\Data Structures Group Project\Data Structures Group Project\LNode.h(3): message : see declaration of 'Node'
C:\Users\lotsp\OneDrive\Documents\GitHub\Data-Structures-GP-Sem2\Data Structures Group Project\Data Structures Group Project\PLinkedList.h(28,1): error C2027: use of undefined type 'Node'
C:\Users\lotsp\OneDrive\Documents\GitHub\Data-Structures-GP-Sem2\Data Structures Group Project\Data Structures Group Project\LNode.h(3): message : see declaration of 'Node'
C:\Users\lotsp\OneDrive\Documents\GitHub\Data-Structures-GP-Sem2\Data Structures Group Project\Data Structures Group Project\WLinkedList.h(15,1): error C2027: use of undefined type 'Node'
C:\Users\lotsp\OneDrive\Documents\GitHub\Data-Structures-GP-Sem2\Data Structures Group Project\Data Structures Group Project\WNode.h(5): message : see declaration of 'Node'
C:\Users\lotsp\OneDrive\Documents\GitHub\Data-Structures-GP-Sem2\Data Structures Group Project\Data Structures Group Project\WLinkedList.h(19,1): error C2027: use of undefined type 'Node'
C:\Users\lotsp\OneDrive\Documents\GitHub\Data-Structures-GP-Sem2\Data Structures Group Project\Data Structures Group Project\WNode.h(5): message : see declaration of 'Node'
C:\Users\lotsp\OneDrive\Documents\GitHub\Data-Structures-GP-Sem2\Data Structures Group Project\Data Structures Group Project\WLinkedList.h(22,1): error C2027: use of undefined type 'Node'
C:\Users\lotsp\OneDrive\Documents\GitHub\Data-Structures-GP-Sem2\Data Structures Group Project\Data Structures Group Project\WNode.h(5): message : see declaration of 'Node'
C:\Users\lotsp\OneDrive\Documents\GitHub\Data-Structures-GP-Sem2\Data Structures Group Project\Data Structures Group Project\WLinkedList.h(24,1): error C2027: use of undefined type 'Node'
C:\Users\lotsp\OneDrive\Documents\GitHub\Data-Structures-GP-Sem2\Data Structures Group Project\Data Structures Group Project\WNode.h(5): message : see declaration of 'Node'
C:\Users\lotsp\OneDrive\Documents\GitHub\Data-Structures-GP-Sem2\Data Structures Group Project\Data Structures Group Project\WLinkedList.h(28,1): error C2027: use of undefined type 'Node'
C:\Users\lotsp\OneDrive\Documents\GitHub\Data-Structures-GP-Sem2\Data Structures Group Project\Data Structures Group Project\WNode.h(5): message : see declaration of 'Node'
C:\Users\lotsp\OneDrive\Documents\GitHub\Data-Structures-GP-Sem2\Data Structures Group Project\Data Structures Group Project\WLinkedList.h(31,1): error C2027: use of undefined type 'Node'
C:\Users\lotsp\OneDrive\Documents\GitHub\Data-Structures-GP-Sem2\Data Structures Group Project\Data Structures Group Project\WNode.h(5): message : see declaration of 'Node'
C:\Users\lotsp\OneDrive\Documents\GitHub\Data-Structures-GP-Sem2\Data Structures Group Project\Data Structures Group Project\WLinkedList.h(33,1): error C2027: use of undefined type 'Node'
C:\Users\lotsp\OneDrive\Documents\GitHub\Data-Structures-GP-Sem2\Data Structures Group Project\Data Structures Group Project\WNode.h(5): message : see declaration of 'Node'
C:\Users\lotsp\OneDrive\Documents\GitHub\Data-Structures-GP-Sem2\Data Structures Group Project\Data Structures Group Project\WLinkedList.h(34,1): error C2027: use of undefined type 'Node'
C:\Users\lotsp\OneDrive\Documents\GitHub\Data-Structures-GP-Sem2\Data Structures Group Project\Data Structures Group Project\WNode.h(5): message : see declaration of 'Node'
C:\Users\lotsp\OneDrive\Documents\GitHub\Data-Structures-GP-Sem2\Data Structures Group Project\Data Structures Group Project\WLinkedList.h(37,1): error C2027: use of undefined type 'Node'
C:\Users\lotsp\OneDrive\Documents\GitHub\Data-Structures-GP-Sem2\Data Structures Group Project\Data Structures Group Project\WNode.h(5): message : see declaration of 'Node'
C:\Users\lotsp\OneDrive\Documents\GitHub\Data-Structures-GP-Sem2\Data Structures Group Project\Data Structures Group Project\WLinkedList.h(44,1): error C2027: use of undefined type 'Node'
C:\Users\lotsp\OneDrive\Documents\GitHub\Data-Structures-GP-Sem2\Data Structures Group Project\Data Structures Group Project\WNode.h(5): message : see declaration of 'Node'
C:\Users\lotsp\OneDrive\Documents\GitHub\Data-Structures-GP-Sem2\Data Structures Group Project\Data Structures Group Project\WLinkedList.h(45,1): error C2027: use of undefined type 'Node'
C:\Users\lotsp\OneDrive\Documents\GitHub\Data-Structures-GP-Sem2\Data Structures Group Project\Data Structures Group Project\WNode.h(5): message : see declaration of 'Node'
